<?xml version='1.0' encoding='UTF-8' ?>
<testsuites tests="6" failures="0" errors="0" skipped="0" time="9.526" timestamp="2026-04-15T07:53:56" hostname="localhost">
  <testsuite name="com.catfact.app.feature.facts.presentation.FactsScreenTest" tests="6" failures="0" errors="0" skipped="0" time="6.49" timestamp="2026-04-15T07:53:56" hostname="localhost">
    <properties>
      <property name="device" value="SM-S908B - 16" />
      <property name="flavor" value="dev" />
      <property name="project" value=":feature:facts" />
    </properties>
    <testcase name="emptyStateShowsSearchBarButNoCards" classname="com.catfact.app.feature.facts.presentation.FactsScreenTest" time="1.132" />
    <testcase name="heroCardIsDisplayedWhenRandomFactPresent" classname="com.catfact.app.feature.facts.presentation.FactsScreenTest" time="0.788" />
    <testcase name="errorBannerIsDisplayedAndDismissible" classname="com.catfact.app.feature.facts.presentation.FactsScreenTest" time="0.85" />
    <testcase name="factsListDisplaysItems" classname="com.catfact.app.feature.facts.presentation.FactsScreenTest" time="1.376" />
    <testcase name="loadingMoreShowsProgressIndicator" classname="com.catfact.app.feature.facts.presentation.FactsScreenTest" time="1.357" />
    <testcase name="factCardClickDispatchesFactClicked" classname="com.catfact.app.feature.facts.presentation.FactsScreenTest" time="0.987" />
  </testsuite>
</testsuites>