<?xml version="1.0" encoding="UTF-8"?>
<testsuite name="com.catfact.app.core.domain.model.FactCategoryTest" tests="4" skipped="0" failures="0" errors="0" timestamp="2026-04-15T07:52:10.260Z" hostname="bb-system-3781-1.home" time="0.001">
  <properties/>
  <testcase name="zero length is short" classname="com.catfact.app.core.domain.model.FactCategoryTest" time="0.0"/>
  <testcase name="long facts are over 120 chars" classname="com.catfact.app.core.domain.model.FactCategoryTest" time="0.0"/>
  <testcase name="medium facts are 51 to 120 chars" classname="com.catfact.app.core.domain.model.FactCategoryTest" time="0.001"/>
  <testcase name="short facts are 50 chars or less" classname="com.catfact.app.core.domain.model.FactCategoryTest" time="0.0"/>
  <system-out><![CDATA[]]></system-out>
  <system-err><![CDATA[]]></system-err>
</testsuite>
