<?xml version="1.0" encoding="UTF-8"?>
<testsuite name="com.catfact.app.core.domain.usecase.ToggleBookmarkUseCaseTest" tests="1" skipped="0" failures="0" errors="0" timestamp="2026-04-15T07:52:11.880Z" hostname="bb-system-3781-1.home" time="0.038">
  <properties/>
  <testcase name="invoke calls repository toggleBookmark with correct params" classname="com.catfact.app.core.domain.usecase.ToggleBookmarkUseCaseTest" time="0.038"/>
  <system-out><![CDATA[]]></system-out>
  <system-err><![CDATA[]]></system-err>
</testsuite>
