<?xml version="1.0" encoding="UTF-8"?>
<testsuite name="com.catfact.app.core.domain.usecase.FetchRandomFactUseCaseTest" tests="1" skipped="0" failures="0" errors="0" timestamp="2026-04-15T07:52:10.262Z" hostname="bb-system-3781-1.home" time="1.57">
  <properties/>
  <testcase name="invoke returns random fact from repository" classname="com.catfact.app.core.domain.usecase.FetchRandomFactUseCaseTest" time="1.57"/>
  <system-out><![CDATA[]]></system-out>
  <system-err><![CDATA[WARNING: A Java agent has been loaded dynamically (/Users/oudaykhaled/.gradle/caches/modules-2/files-2.1/net.bytebuddy/byte-buddy-agent/1.14.6/46e2545d7a97b6ccb195621650c5957279eb4812/byte-buddy-agent-1.14.6.jar)
WARNING: If a serviceability tool is in use, please run with -XX:+EnableDynamicAgentLoading to hide this warning
WARNING: If a serviceability tool is not in use, please run with -Djdk.instrument.traceUsage for more information
WARNING: Dynamic loading of agents will be disallowed by default in a future release
]]></system-err>
</testsuite>
