<?xml version="1.0" encoding="UTF-8"?>
<testsuite name="com.catfact.app.core.network.interceptor.CurlLoggingInterceptorTest" tests="2" skipped="0" failures="0" errors="0" timestamp="2026-04-15T07:52:15.146Z" hostname="bb-system-3781-1.home" time="0.01">
  <properties/>
  <testcase name="intercept proceeds and returns response" classname="com.catfact.app.core.network.interceptor.CurlLoggingInterceptorTest" time="0.006"/>
  <testcase name="intercept logs request with headers" classname="com.catfact.app.core.network.interceptor.CurlLoggingInterceptorTest" time="0.004"/>
  <system-out><![CDATA[]]></system-out>
  <system-err><![CDATA[]]></system-err>
</testsuite>
