<?xml version="1.0" encoding="UTF-8"?>
<testsuite name="com.catfact.app.core.network.interceptor.InterceptorEntryTest" tests="4" skipped="0" failures="0" errors="0" timestamp="2026-04-15T07:52:15.158Z" hostname="bb-system-3781-1.home" time="0.002">
  <properties/>
  <testcase name="default type is APPLICATION" classname="com.catfact.app.core.network.interceptor.InterceptorEntryTest" time="0.001"/>
  <testcase name="sorted entries execute in order regardless of insertion order" classname="com.catfact.app.core.network.interceptor.InterceptorEntryTest" time="0.0"/>
  <testcase name="entries with same order are stable-sorted" classname="com.catfact.app.core.network.interceptor.InterceptorEntryTest" time="0.001"/>
  <testcase name="filtering by type separates APPLICATION and NETWORK interceptors" classname="com.catfact.app.core.network.interceptor.InterceptorEntryTest" time="0.0"/>
  <system-out><![CDATA[]]></system-out>
  <system-err><![CDATA[]]></system-err>
</testsuite>
